<html>
<head>
<title>TestNG:  Test</title>
<link href="../testng.css" rel="stylesheet" type="text/css" />
<link href="../my-testng.css" rel="stylesheet" type="text/css" />

<style type="text/css">
.log { display: none;} 
.stack-trace { display: none;} 
</style>
<script type="text/javascript">
<!--
function flip(e) {
  current = e.style.display;
  if (current == 'block') {
    e.style.display = 'none';
    return 0;
  }
  else {
    e.style.display = 'block';
    return 1;
  }
}

function toggleBox(szDivId, elem, msg1, msg2)
{
  var res = -1;  if (document.getElementById) {
    res = flip(document.getElementById(szDivId));
  }
  else if (document.all) {
    // this is the way old msie versions work
    res = flip(document.all[szDivId]);
  }
  if(elem) {
    if(res == 0) elem.innerHTML = msg1; else elem.innerHTML = msg2;
  }

}

function toggleAllBoxes() {
  if (document.getElementsByTagName) {
    d = document.getElementsByTagName('div');
    for (i = 0; i < d.length; i++) {
      if (d[i].className == 'log') {
        flip(d[i]);
      }
    }
  }
}

// -->
</script>

</head>
<body>
<h2 align='center'>Test</h2><table border='1' align="center">
<tr>
<td>Tests passed/Failed/Skipped:</td><td>2/1/0</td>
</tr><tr>
<td>Started on:</td><td>Sun Nov 21 14:32:38 IST 2021</td>
</tr>
<tr><td>Total time:</td><td>40 seconds (40401 ms)</td>
</tr><tr>
<td>Included groups:</td><td></td>
</tr><tr>
<td>Excluded groups:</td><td></td>
</tr>
</table><p/>
<small><i>(Hover the method name to see the test class name)</i></small><p/>
<table width='100%' border='1' class='invocation-failed'>
<tr><td colspan='4' align='center'><b>FAILED TESTS</b></td></tr>
<tr><td><b>Test method</b></td>
<td width="30%"><b>Exception</b></td>
<td width="10%"><b>Time (seconds)</b></td>
<td><b>Instance</b></td>
</tr>
<tr>
<td title='Runner.TestRunner.feature()'><b>feature</b><br>Test class: Runner.TestRunner<br>Test method: Runs Cucumber Feature<br>Parameters: Application Allofit feature page</td>
<td><div><pre>cucumber.runtime.CucumberException: org.openqa.selenium.WebDriverException: unknown error: Chrome failed to start: exited normally.
  (unknown error: DevToolsActivePort file doesn&apos;t exist)
  (The process started from chrome location C:\Program Files\Google\Chrome\Application\chrome.exe is no longer running, so ChromeDriver is assuming that Chrome has crashed.)
Build info: version: &apos;3.141.59&apos;, revision: &apos;e82be7d358&apos;, time: &apos;2018-11-14T08:17:03&apos;
System info: host: &apos;DESKTOP-KIH8VHJ&apos;, ip: &apos;192.168.29.231&apos;, os.name: &apos;Windows 10&apos;, os.arch: &apos;amd64&apos;, os.version: &apos;10.0&apos;, java.version: &apos;1.8.0_311&apos;
Driver info: driver.version: ChromeDriver
remote stacktrace: Backtrace:
	Ordinal0 [0x00A03AB3+2505395]
	Ordinal0 [0x0099AE41+2076225]
	Ordinal0 [0x008A2498+1057944]
	Ordinal0 [0x008BD860+1169504]
	Ordinal0 [0x008B9EBF+1154751]
	Ordinal0 [0x008EA02F+1351727]
	Ordinal0 [0x008E9C9A+1350810]
	Ordinal0 [0x008E58BB+1333435]
	Ordinal0 [0x008C23E4+1188836]
	Ordinal0 [0x008C323F+1192511]
	GetHandleVerifier [0x00B8CB36+1554566]
	GetHandleVerifier [0x00C34A0C+2242396]
	GetHandleVerifier [0x00A90E0B+523099]
	GetHandleVerifier [0x00A8FEB0+519168]
	Ordinal0 [0x009A02FD+2097917]
	Ordinal0 [0x009A4388+2114440]
	Ordinal0 [0x009A44C2+2114754]
	Ordinal0 [0x009AE041+2154561]
	BaseThreadInitThunk [0x76F9FA29+25]
	RtlGetAppContainerNamedObjectPath [0x770F7A9E+286]
	RtlGetAppContainerNamedObjectPath [0x770F7A6E+238]

	at cucumber.api.testng.TestNGCucumberRunner.runCucumber(TestNGCucumberRunner.java:69)
	at cucumber.api.testng.AbstractTestNGCucumberTests.feature(AbstractTestNGCucumberTests.java:21)
	at java.util.ArrayList.forEach(ArrayList.java:1259)
Caused by: org.openqa.selenium.WebDriverException: unknown error: Chrome failed to start: exited normally.
  (unknown error: DevToolsActivePort file doesn&apos;t exist)
  (The process started from chrome location C:\Program Files\Google\Chrome\Application\chrome.exe is no longer running, so ChromeDriver is assuming that Chrome has crashed.)
Build info: version: &apos;3.141.59&apos;, revision: &apos;e82be7d358&apos;, time: &apos;2018-11-14T08:17:03&apos;
System info: host: &apos;DESKTOP-KIH8VHJ&apos;, ip: &apos;192.168.29.231&apos;, os.name: &apos;Windows 10&apos;, os.arch: &apos;amd64&apos;, os.version: &apos;10.0&apos;, java.version: &apos;1.8.0_311&apos;
Driver info: driver.version: ChromeDriver
remote stacktrace: Backtrace:
	Ordinal0 [0x00A03AB3+2505395]
	Ordinal0 [0x0099AE41+2076225]
	Ordinal0 [0x008A2498+1057944]
	Ordinal0 [0x008BD860+1169504]
	Ordinal0 [0x008B9EBF+1154751]
	Ordinal0 [0x008EA02F+1351727]
	Ordinal0 [0x008E9C9A+1350810]
	Ordinal0 [0x008E58BB+1333435]
	Ordinal0 [0x008C23E4+1188836]
	Ordinal0 [0x008C323F+1192511]
	GetHandleVerifier [0x00B8CB36+1554566]
	GetHandleVerifier [0x00C34A0C+2242396]
	GetHandleVerifier [0x00A90E0B+523099]
	GetHandleVerifier [0x00A8FEB0+519168]
	Ordinal0 [0x009A02FD+2097917]
	Ordinal0 [0x009A4388+2114440]
	Ordinal0 [0x009A44C2+2114754]
	Ordinal0 [0x009AE041+2154561]
	BaseThreadInitThunk [0x76F9FA29+25]
	RtlGetAppContainerNamedObjectPath [0x770F7A9E+286]
	RtlGetAppContainerNamedObjectPath [0x770F7A6E+238]

	at org.openqa.selenium.remote.W3CHandshakeResponse.lambda$errorHandler$0(W3CHandshakeResponse.java:62)
	at org.openqa.selenium.remote.HandshakeResponse.lambda$getResponseFunction$0(HandshakeResponse.java:30)
	at org.openqa.selenium.remote.ProtocolHandshake.lambda$createSession$0(ProtocolHandshake.java:126)
	at java.util.stream.ReferencePipeline$3$1.accept(ReferencePipeline.java:193)
	at java.util.Spliterators$ArraySpliterator.tryAdvance(Spliterators.java:958)
	at java.util.stream.ReferencePipeline.forEachWithCancel(ReferencePipeline.java:126)
	at java.util.stream.AbstractPipeline.copyIntoWithCancel(AbstractPipeline.java:499)
	at java.util.stream.AbstractPipeline.copyInto(AbstractPipeline.java:486)
	at java.util.stream.AbstractPipeline.wrapAndCopyInto(AbstractPipeline.java:472)
	at java.util.stream.FindOps$FindOp.evaluateSequential(FindOps.java:152)
	at java.util.stream.AbstractPipeline.evaluate(AbstractPipeline.java:234)
	at java.util.stream.ReferencePipeline.findFirst(ReferencePipeline.java:464)
	at org.openqa.selenium.remote.ProtocolHandshake.createSession(ProtocolHandshake.java:128)
	at org.openqa.selenium.remote.ProtocolHandshake.createSession(ProtocolHandshake.java:74)
	at org.openqa.selenium.remote.HttpCommandExecutor.execute(HttpCommandExecutor.java:136)
	at org.openqa.selenium.remote.service.DriverCommandExecutor.execute(DriverCommandExecutor.java:83)
	at org.openqa.selenium.remote.RemoteWebDriver.execute(RemoteWebDriver.java:552)
	at org.openqa.selenium.remote.RemoteWebDriver.startSession(RemoteWebDriver.java:213)
	at org.openqa.selenium.remote.RemoteWebDriver.&lt;init&gt;(RemoteWebDriver.java:131)
	at org.openqa.selenium.chrome.ChromeDriver.&lt;init&gt;(ChromeDriver.java:181)
	at org.openqa.selenium.chrome.ChromeDriver.&lt;init&gt;(ChromeDriver.java:168)
	at org.openqa.selenium.chrome.ChromeDriver.&lt;init&gt;(ChromeDriver.java:157)
	at ReusableComponent.WebDriverHelper.initializedriver(WebDriverHelper.java:40)
	at Stepdefinations.Allofitsd.launching_the_browser(Allofitsd.java:30)
	at ?.Given Launching the browser(01Allofit.feature:4)
... Removed 34 stack frames</pre></div><a href='#' onClick='toggleBox("stack-trace1412656257", this, "Click to show all stack frames", "Click to hide stack frames")'>Click to show all stack frames</a>
<div class='stack-trace' id='stack-trace1412656257'><pre>cucumber.runtime.CucumberException: org.openqa.selenium.WebDriverException: unknown error: Chrome failed to start: exited normally.
  (unknown error: DevToolsActivePort file doesn&apos;t exist)
  (The process started from chrome location C:\Program Files\Google\Chrome\Application\chrome.exe is no longer running, so ChromeDriver is assuming that Chrome has crashed.)
Build info: version: &apos;3.141.59&apos;, revision: &apos;e82be7d358&apos;, time: &apos;2018-11-14T08:17:03&apos;
System info: host: &apos;DESKTOP-KIH8VHJ&apos;, ip: &apos;192.168.29.231&apos;, os.name: &apos;Windows 10&apos;, os.arch: &apos;amd64&apos;, os.version: &apos;10.0&apos;, java.version: &apos;1.8.0_311&apos;
Driver info: driver.version: ChromeDriver
remote stacktrace: Backtrace:
	Ordinal0 [0x00A03AB3+2505395]
	Ordinal0 [0x0099AE41+2076225]
	Ordinal0 [0x008A2498+1057944]
	Ordinal0 [0x008BD860+1169504]
	Ordinal0 [0x008B9EBF+1154751]
	Ordinal0 [0x008EA02F+1351727]
	Ordinal0 [0x008E9C9A+1350810]
	Ordinal0 [0x008E58BB+1333435]
	Ordinal0 [0x008C23E4+1188836]
	Ordinal0 [0x008C323F+1192511]
	GetHandleVerifier [0x00B8CB36+1554566]
	GetHandleVerifier [0x00C34A0C+2242396]
	GetHandleVerifier [0x00A90E0B+523099]
	GetHandleVerifier [0x00A8FEB0+519168]
	Ordinal0 [0x009A02FD+2097917]
	Ordinal0 [0x009A4388+2114440]
	Ordinal0 [0x009A44C2+2114754]
	Ordinal0 [0x009AE041+2154561]
	BaseThreadInitThunk [0x76F9FA29+25]
	RtlGetAppContainerNamedObjectPath [0x770F7A9E+286]
	RtlGetAppContainerNamedObjectPath [0x770F7A6E+238]

	at cucumber.api.testng.TestNGCucumberRunner.runCucumber(TestNGCucumberRunner.java:69)
	at cucumber.api.testng.AbstractTestNGCucumberTests.feature(AbstractTestNGCucumberTests.java:21)
	at sun.reflect.NativeMethodAccessorImpl.invoke0(Native Method)
	at sun.reflect.NativeMethodAccessorImpl.invoke(NativeMethodAccessorImpl.java:62)
	at sun.reflect.DelegatingMethodAccessorImpl.invoke(DelegatingMethodAccessorImpl.java:43)
	at java.lang.reflect.Method.invoke(Method.java:498)
	at org.testng.internal.MethodInvocationHelper.invokeMethod(MethodInvocationHelper.java:133)
	at org.testng.internal.TestInvoker.invokeMethod(TestInvoker.java:598)
	at org.testng.internal.TestInvoker.invokeTestMethod(TestInvoker.java:173)
	at org.testng.internal.MethodRunner.runInSequence(MethodRunner.java:46)
	at org.testng.internal.TestInvoker$MethodInvocationAgent.invoke(TestInvoker.java:824)
	at org.testng.internal.TestInvoker.invokeTestMethods(TestInvoker.java:146)
	at org.testng.internal.TestMethodWorker.invokeTestMethods(TestMethodWorker.java:146)
	at org.testng.internal.TestMethodWorker.run(TestMethodWorker.java:128)
	at java.util.ArrayList.forEach(ArrayList.java:1259)
	at org.testng.TestRunner.privateRun(TestRunner.java:794)
	at org.testng.TestRunner.run(TestRunner.java:596)
	at org.testng.SuiteRunner.runTest(SuiteRunner.java:377)
	at org.testng.SuiteRunner.runSequentially(SuiteRunner.java:371)
	at org.testng.SuiteRunner.privateRun(SuiteRunner.java:332)
	at org.testng.SuiteRunner.run(SuiteRunner.java:276)
	at org.testng.SuiteRunnerWorker.runSuite(SuiteRunnerWorker.java:53)
	at org.testng.SuiteRunnerWorker.run(SuiteRunnerWorker.java:96)
	at org.testng.TestNG.runSuitesSequentially(TestNG.java:1212)
	at org.testng.TestNG.runSuitesLocally(TestNG.java:1134)
	at org.testng.TestNG.runSuites(TestNG.java:1063)
	at org.testng.TestNG.run(TestNG.java:1031)
	at org.apache.maven.surefire.testng.TestNGExecutor.run(TestNGExecutor.java:281)
	at org.apache.maven.surefire.testng.TestNGXmlTestSuite.execute(TestNGXmlTestSuite.java:75)
	at org.apache.maven.surefire.testng.TestNGProvider.invoke(TestNGProvider.java:121)
	at org.apache.maven.surefire.booter.ForkedBooter.invokeProviderInSameClassLoader(ForkedBooter.java:290)
	at org.apache.maven.surefire.booter.ForkedBooter.runSuitesInProcess(ForkedBooter.java:242)
	at org.apache.maven.surefire.booter.ForkedBooter.main(ForkedBooter.java:121)
Caused by: org.openqa.selenium.WebDriverException: unknown error: Chrome failed to start: exited normally.
  (unknown error: DevToolsActivePort file doesn&apos;t exist)
  (The process started from chrome location C:\Program Files\Google\Chrome\Application\chrome.exe is no longer running, so ChromeDriver is assuming that Chrome has crashed.)
Build info: version: &apos;3.141.59&apos;, revision: &apos;e82be7d358&apos;, time: &apos;2018-11-14T08:17:03&apos;
System info: host: &apos;DESKTOP-KIH8VHJ&apos;, ip: &apos;192.168.29.231&apos;, os.name: &apos;Windows 10&apos;, os.arch: &apos;amd64&apos;, os.version: &apos;10.0&apos;, java.version: &apos;1.8.0_311&apos;
Driver info: driver.version: ChromeDriver
remote stacktrace: Backtrace:
	Ordinal0 [0x00A03AB3+2505395]
	Ordinal0 [0x0099AE41+2076225]
	Ordinal0 [0x008A2498+1057944]
	Ordinal0 [0x008BD860+1169504]
	Ordinal0 [0x008B9EBF+1154751]
	Ordinal0 [0x008EA02F+1351727]
	Ordinal0 [0x008E9C9A+1350810]
	Ordinal0 [0x008E58BB+1333435]
	Ordinal0 [0x008C23E4+1188836]
	Ordinal0 [0x008C323F+1192511]
	GetHandleVerifier [0x00B8CB36+1554566]
	GetHandleVerifier [0x00C34A0C+2242396]
	GetHandleVerifier [0x00A90E0B+523099]
	GetHandleVerifier [0x00A8FEB0+519168]
	Ordinal0 [0x009A02FD+2097917]
	Ordinal0 [0x009A4388+2114440]
	Ordinal0 [0x009A44C2+2114754]
	Ordinal0 [0x009AE041+2154561]
	BaseThreadInitThunk [0x76F9FA29+25]
	RtlGetAppContainerNamedObjectPath [0x770F7A9E+286]
	RtlGetAppContainerNamedObjectPath [0x770F7A6E+238]

	at sun.reflect.NativeConstructorAccessorImpl.newInstance0(Native Method)
	at sun.reflect.NativeConstructorAccessorImpl.newInstance(NativeConstructorAccessorImpl.java:62)
	at sun.reflect.DelegatingConstructorAccessorImpl.newInstance(DelegatingConstructorAccessorImpl.java:45)
	at java.lang.reflect.Constructor.newInstance(Constructor.java:423)
	at org.openqa.selenium.remote.W3CHandshakeResponse.lambda$errorHandler$0(W3CHandshakeResponse.java:62)
	at org.openqa.selenium.remote.HandshakeResponse.lambda$getResponseFunction$0(HandshakeResponse.java:30)
	at org.openqa.selenium.remote.ProtocolHandshake.lambda$createSession$0(ProtocolHandshake.java:126)
	at java.util.stream.ReferencePipeline$3$1.accept(ReferencePipeline.java:193)
	at java.util.Spliterators$ArraySpliterator.tryAdvance(Spliterators.java:958)
	at java.util.stream.ReferencePipeline.forEachWithCancel(ReferencePipeline.java:126)
	at java.util.stream.AbstractPipeline.copyIntoWithCancel(AbstractPipeline.java:499)
	at java.util.stream.AbstractPipeline.copyInto(AbstractPipeline.java:486)
	at java.util.stream.AbstractPipeline.wrapAndCopyInto(AbstractPipeline.java:472)
	at java.util.stream.FindOps$FindOp.evaluateSequential(FindOps.java:152)
	at java.util.stream.AbstractPipeline.evaluate(AbstractPipeline.java:234)
	at java.util.stream.ReferencePipeline.findFirst(ReferencePipeline.java:464)
	at org.openqa.selenium.remote.ProtocolHandshake.createSession(ProtocolHandshake.java:128)
	at org.openqa.selenium.remote.ProtocolHandshake.createSession(ProtocolHandshake.java:74)
	at org.openqa.selenium.remote.HttpCommandExecutor.execute(HttpCommandExecutor.java:136)
	at org.openqa.selenium.remote.service.DriverCommandExecutor.execute(DriverCommandExecutor.java:83)
	at org.openqa.selenium.remote.RemoteWebDriver.execute(RemoteWebDriver.java:552)
	at org.openqa.selenium.remote.RemoteWebDriver.startSession(RemoteWebDriver.java:213)
	at org.openqa.selenium.remote.RemoteWebDriver.&lt;init&gt;(RemoteWebDriver.java:131)
	at org.openqa.selenium.chrome.ChromeDriver.&lt;init&gt;(ChromeDriver.java:181)
	at org.openqa.selenium.chrome.ChromeDriver.&lt;init&gt;(ChromeDriver.java:168)
	at org.openqa.selenium.chrome.ChromeDriver.&lt;init&gt;(ChromeDriver.java:157)
	at ReusableComponent.WebDriverHelper.initializedriver(WebDriverHelper.java:40)
	at Stepdefinations.Allofitsd.launching_the_browser(Allofitsd.java:30)
	at ?.Given Launching the browser(01Allofit.feature:4)
</pre></div></td>
<td>2</td>
<td>Runner.TestRunner@35d176f7</td></tr>
</table><p>
<table width='100%' border='1' class='invocation-passed'>
<tr><td colspan='4' align='center'><b>PASSED TESTS</b></td></tr>
<tr><td><b>Test method</b></td>
<td width="30%"><b>Exception</b></td>
<td width="10%"><b>Time (seconds)</b></td>
<td><b>Instance</b></td>
</tr>
<tr>
<td title='Runner.TestRunner.feature()'><b>feature</b><br>Test class: Runner.TestRunner<br>Test method: Runs Cucumber Feature<br>Parameters: Application search product feature</td>
<td></td>
<td>14</td>
<td>Runner.TestRunner@35d176f7</td></tr>
<tr>
<td title='Runner.TestRunner.feature()'><b>feature</b><br>Test class: Runner.TestRunner<br>Test method: Runs Cucumber Feature<br>Parameters: BirthdyaGifts feature page</td>
<td></td>
<td>22</td>
<td>Runner.TestRunner@35d176f7</td></tr>
</table><p>
</body>
</html>