<!DOCTYPE html PUBLIC "-//W3C//DTD XHTML 1.1//EN" "https://www.w3.org/TR/xhtml11/DTD/xhtml11.dtd">
<html xmlns="https://www.w3.org/1999/xhtml">
<head>
<meta http-equiv="content-type" content="text/html; charset=UTF-8"/>
<title>TestNG Report</title>
<style type="text/css">table {margin-bottom:10px;border-collapse:collapse;empty-cells:show}th,td {border:1px solid #009;padding:.25em .5em}th {vertical-align:bottom}td {vertical-align:top}table a {font-weight:bold}.stripe td {background-color: #E6EBF9}.num {text-align:right}.passedodd td {background-color: #3F3}.passedeven td {background-color: #0A0}.skippedodd td {background-color: #DDD}.skippedeven td {background-color: #CCC}.failedodd td,.attn {background-color: #F33}.failedeven td,.stripe .attn {background-color: #D00}.stacktrace {white-space:pre;font-family:monospace}.totop {font-size:85%;text-align:center;border-bottom:2px solid #000}.invisible {display:none}</style>
</head>
<body>
<table>
<tr><th>Test</th><th># Passed</th><th># Skipped</th><th># Retried</th><th># Failed</th><th>Time (ms)</th><th>Included Groups</th><th>Excluded Groups</th></tr>
<tr><th colspan="8">Suite</th></tr>
<tr><td><a href="#t0">Test</a></td><td class="num">2</td><td class="num">0</td><td class="num">0</td><td class="num attn">1</td><td class="num">40,401</td><td></td><td></td></tr>
</table>
<table id='summary'><thead><tr><th>Class</th><th>Method</th><th>Start</th><th>Time (ms)</th></tr></thead><tbody><tr><th colspan="4">Suite</th></tr></tbody><tbody id="t0"><tr><th colspan="4">Test &#8212; failed</th></tr><tr class="failedeven"><td rowspan="1">Runner.TestRunner</td><td><a href="#m0">feature</a></td><td rowspan="1">1637485358586</td><td rowspan="1">2677</td></tr><tr><th colspan="4">Test &#8212; passed</th></tr><tr class="passedeven"><td rowspan="2">Runner.TestRunner</td><td><a href="#m1">feature</a></td><td rowspan="2">1637485383328</td><td rowspan="2">14973</td></tr><tr class="passedeven"><td><a href="#m2">feature</a></td></tr></tbody>
</table>
<h2>Test</h2><h3 id="m0">Runner.TestRunner#feature</h3><table class="result"><tr class="param"><th>Parameter #1</th></tr><tr class="param stripe"><td>Application Allofit feature page</td></tr><tr><th>Exception</th></tr><tr><td><div class="stacktrace">cucumber.runtime.CucumberException: org.openqa.selenium.WebDriverException: unknown error: Chrome failed to start: exited normally.
  (unknown error: DevToolsActivePort file doesn&apos;t exist)
  (The process started from chrome location C:\Program Files\Google\Chrome\Application\chrome.exe is no longer running, so ChromeDriver is assuming that Chrome has crashed.)
Build info: version: &apos;3.141.59&apos;, revision: &apos;e82be7d358&apos;, time: &apos;2018-11-14T08:17:03&apos;
System info: host: &apos;DESKTOP-KIH8VHJ&apos;, ip: &apos;192.168.29.231&apos;, os.name: &apos;Windows 10&apos;, os.arch: &apos;amd64&apos;, os.version: &apos;10.0&apos;, java.version: &apos;1.8.0_311&apos;
Driver info: driver.version: ChromeDriver
remote stacktrace: Backtrace:
	Ordinal0 [0x00A03AB3+2505395]
	Ordinal0 [0x0099AE41+2076225]
	Ordinal0 [0x008A2498+1057944]
	Ordinal0 [0x008BD860+1169504]
	Ordinal0 [0x008B9EBF+1154751]
	Ordinal0 [0x008EA02F+1351727]
	Ordinal0 [0x008E9C9A+1350810]
	Ordinal0 [0x008E58BB+1333435]
	Ordinal0 [0x008C23E4+1188836]
	Ordinal0 [0x008C323F+1192511]
	GetHandleVerifier [0x00B8CB36+1554566]
	GetHandleVerifier [0x00C34A0C+2242396]
	GetHandleVerifier [0x00A90E0B+523099]
	GetHandleVerifier [0x00A8FEB0+519168]
	Ordinal0 [0x009A02FD+2097917]
	Ordinal0 [0x009A4388+2114440]
	Ordinal0 [0x009A44C2+2114754]
	Ordinal0 [0x009AE041+2154561]
	BaseThreadInitThunk [0x76F9FA29+25]
	RtlGetAppContainerNamedObjectPath [0x770F7A9E+286]
	RtlGetAppContainerNamedObjectPath [0x770F7A6E+238]

	at cucumber.api.testng.TestNGCucumberRunner.runCucumber(TestNGCucumberRunner.java:69)
	at cucumber.api.testng.AbstractTestNGCucumberTests.feature(AbstractTestNGCucumberTests.java:21)
	at java.util.ArrayList.forEach(ArrayList.java:1259)
Caused by: org.openqa.selenium.WebDriverException: unknown error: Chrome failed to start: exited normally.
  (unknown error: DevToolsActivePort file doesn&apos;t exist)
  (The process started from chrome location C:\Program Files\Google\Chrome\Application\chrome.exe is no longer running, so ChromeDriver is assuming that Chrome has crashed.)
Build info: version: &apos;3.141.59&apos;, revision: &apos;e82be7d358&apos;, time: &apos;2018-11-14T08:17:03&apos;
System info: host: &apos;DESKTOP-KIH8VHJ&apos;, ip: &apos;192.168.29.231&apos;, os.name: &apos;Windows 10&apos;, os.arch: &apos;amd64&apos;, os.version: &apos;10.0&apos;, java.version: &apos;1.8.0_311&apos;
Driver info: driver.version: ChromeDriver
remote stacktrace: Backtrace:
	Ordinal0 [0x00A03AB3+2505395]
	Ordinal0 [0x0099AE41+2076225]
	Ordinal0 [0x008A2498+1057944]
	Ordinal0 [0x008BD860+1169504]
	Ordinal0 [0x008B9EBF+1154751]
	Ordinal0 [0x008EA02F+1351727]
	Ordinal0 [0x008E9C9A+1350810]
	Ordinal0 [0x008E58BB+1333435]
	Ordinal0 [0x008C23E4+1188836]
	Ordinal0 [0x008C323F+1192511]
	GetHandleVerifier [0x00B8CB36+1554566]
	GetHandleVerifier [0x00C34A0C+2242396]
	GetHandleVerifier [0x00A90E0B+523099]
	GetHandleVerifier [0x00A8FEB0+519168]
	Ordinal0 [0x009A02FD+2097917]
	Ordinal0 [0x009A4388+2114440]
	Ordinal0 [0x009A44C2+2114754]
	Ordinal0 [0x009AE041+2154561]
	BaseThreadInitThunk [0x76F9FA29+25]
	RtlGetAppContainerNamedObjectPath [0x770F7A9E+286]
	RtlGetAppContainerNamedObjectPath [0x770F7A6E+238]

	at org.openqa.selenium.remote.W3CHandshakeResponse.lambda$errorHandler$0(W3CHandshakeResponse.java:62)
	at org.openqa.selenium.remote.HandshakeResponse.lambda$getResponseFunction$0(HandshakeResponse.java:30)
	at org.openqa.selenium.remote.ProtocolHandshake.lambda$createSession$0(ProtocolHandshake.java:126)
	at java.util.stream.ReferencePipeline$3$1.accept(ReferencePipeline.java:193)
	at java.util.Spliterators$ArraySpliterator.tryAdvance(Spliterators.java:958)
	at java.util.stream.ReferencePipeline.forEachWithCancel(ReferencePipeline.java:126)
	at java.util.stream.AbstractPipeline.copyIntoWithCancel(AbstractPipeline.java:499)
	at java.util.stream.AbstractPipeline.copyInto(AbstractPipeline.java:486)
	at java.util.stream.AbstractPipeline.wrapAndCopyInto(AbstractPipeline.java:472)
	at java.util.stream.FindOps$FindOp.evaluateSequential(FindOps.java:152)
	at java.util.stream.AbstractPipeline.evaluate(AbstractPipeline.java:234)
	at java.util.stream.ReferencePipeline.findFirst(ReferencePipeline.java:464)
	at org.openqa.selenium.remote.ProtocolHandshake.createSession(ProtocolHandshake.java:128)
	at org.openqa.selenium.remote.ProtocolHandshake.createSession(ProtocolHandshake.java:74)
	at org.openqa.selenium.remote.HttpCommandExecutor.execute(HttpCommandExecutor.java:136)
	at org.openqa.selenium.remote.service.DriverCommandExecutor.execute(DriverCommandExecutor.java:83)
	at org.openqa.selenium.remote.RemoteWebDriver.execute(RemoteWebDriver.java:552)
	at org.openqa.selenium.remote.RemoteWebDriver.startSession(RemoteWebDriver.java:213)
	at org.openqa.selenium.remote.RemoteWebDriver.&lt;init&gt;(RemoteWebDriver.java:131)
	at org.openqa.selenium.chrome.ChromeDriver.&lt;init&gt;(ChromeDriver.java:181)
	at org.openqa.selenium.chrome.ChromeDriver.&lt;init&gt;(ChromeDriver.java:168)
	at org.openqa.selenium.chrome.ChromeDriver.&lt;init&gt;(ChromeDriver.java:157)
	at ReusableComponent.WebDriverHelper.initializedriver(WebDriverHelper.java:40)
	at Stepdefinations.Allofitsd.launching_the_browser(Allofitsd.java:30)
	at âœ½.Given Launching the browser(01Allofit.feature:4)
... Removed 34 stack frames</div></td></tr></table><p class="totop"><a href="#summary">back to summary</a></p>
<h3 id="m1">Runner.TestRunner#feature</h3><table class="result"><tr class="param"><th>Parameter #1</th></tr><tr class="param stripe"><td>Application search product feature</td></tr></table><p class="totop"><a href="#summary">back to summary</a></p>
<h3 id="m2">Runner.TestRunner#feature</h3><table class="result"><tr class="param"><th>Parameter #1</th></tr><tr class="param stripe"><td>BirthdyaGifts feature page</td></tr></table><p class="totop"><a href="#summary">back to summary</a></p>
</body>
</html>
